#-----------------------------------------------------------
# Vivado v2019.2.1 (64-bit)
# SW Build 2729669 on Thu Dec  5 04:48:12 MST 2019
# IP Build 2729494 on Thu Dec  5 07:38:25 MST 2019
# Start of session at: Wed Feb 17 23:26:15 2021
# Process ID: 2056
# Current directory: /home/jon/Desktop/capstone
# Command line: vivado
# Log file: /home/jon/Desktop/capstone/vivado.log
# Journal file: /home/jon/Desktop/capstone/vivado.jou
#-----------------------------------------------------------
start_gui
open_project /home/jon/Desktop/capstone/copy1_poc/copy1_poc.xpr
Scanning sources...
Finished scanning sources
INFO: [IP_Flow 19-234] Refreshing IP repositories
INFO: [IP_Flow 19-1704] No user IP repositories specified
INFO: [IP_Flow 19-2313] Loaded Vivado IP repository '/tools/Xilinx/Vivado/2019.2/data/ip'.
update_compile_order -fileset sources_1
update_compile_order -fileset sources_1
add_files -norecurse /home/jon/Desktop/capstone/copy1_poc/copy1_poc.srcs/sources_1/imports/new/copy1_wrapper.vhdl
update_compile_order -fileset sources_1
add_files -norecurse /home/jon/Desktop/capstone/copy1_poc/copy1_poc.srcs/sources_1/imports/new/copy1.vhdl
WARNING: [filemgmt 56-12] File '/home/jon/Desktop/capstone/copy1_poc/copy1_poc.srcs/sources_1/imports/new/copy1.vhdl' cannot be added to the project because it already exists in the project, skipping this file
add_files -norecurse /home/jon/Desktop/capstone/copy1_poc/copy1_poc.srcs/sources_1/imports/new/copy1.vhdl
WARNING: [filemgmt 56-12] File '/home/jon/Desktop/capstone/copy1_poc/copy1_poc.srcs/sources_1/imports/new/copy1.vhdl' cannot be added to the project because it already exists in the project, skipping this file
add_files {/home/jon/Desktop/capstone/copy1_poc/copy1_poc.srcs/sources_1/imports/new/axi_fifo.vhd /home/jon/Desktop/capstone/copy1_poc/copy1_poc.srcs/sources_1/imports/new/copy1.vhdl /home/jon/Desktop/capstone/copy1_poc/copy1_poc.srcs/sources_1/imports/new/copy1_wrapper.vhdl /home/jon/Desktop/capstone/copy1_poc/copy1_poc.srcs/sources_1/imports/new/entity_node.vhdl}
WARNING: [filemgmt 56-12] File '/home/jon/Desktop/capstone/copy1_poc/copy1_poc.srcs/sources_1/imports/new/axi_fifo.vhd' cannot be added to the project because it already exists in the project, skipping this file
WARNING: [filemgmt 56-12] File '/home/jon/Desktop/capstone/copy1_poc/copy1_poc.srcs/sources_1/imports/new/copy1.vhdl' cannot be added to the project because it already exists in the project, skipping this file
WARNING: [filemgmt 56-12] File '/home/jon/Desktop/capstone/copy1_poc/copy1_poc.srcs/sources_1/imports/new/copy1_wrapper.vhdl' cannot be added to the project because it already exists in the project, skipping this file
WARNING: [filemgmt 56-12] File '/home/jon/Desktop/capstone/copy1_poc/copy1_poc.srcs/sources_1/imports/new/entity_node.vhdl' cannot be added to the project because it already exists in the project, skipping this file
add_files -norecurse /home/jon/Desktop/capstone/copy1_poc/copy1_poc.srcs/sources_1/imports/new/copy1.vhdl
WARNING: [filemgmt 56-12] File '/home/jon/Desktop/capstone/copy1_poc/copy1_poc.srcs/sources_1/imports/new/copy1.vhdl' cannot be added to the project because it already exists in the project, skipping this file
update_compile_order -fileset sources_1
