Vivado Simulator 2019.2
Time resolution is 1 ps
Note: Wait for filling...
Time: 0 ps  Iteration: 0  Process: /copy2_testbench/receive_proc  File: /home/jon/Desktop/capstone/vhdl_generator/generated_output_vivado_projects/generated_copy2_vivado_project/generated_copy2_vivado_project.srcs/sources_1/imports/copy2_output/copy2_TB.vhdl
Note: Adding input...
Time: 20 ns  Iteration: 0  Process: /copy2_testbench/send_proc  File: /home/jon/Desktop/capstone/vhdl_generator/generated_output_vivado_projects/generated_copy2_vivado_project/generated_copy2_vivado_project.srcs/sources_1/imports/copy2_output/copy2_TB.vhdl
Note: Writing one data iteration to INPUT_0...
Time: 20 ns  Iteration: 0  Process: /copy2_testbench/send_proc  File: /home/jon/Desktop/capstone/vhdl_generator/generated_output_vivado_projects/generated_copy2_vivado_project/generated_copy2_vivado_project.srcs/sources_1/imports/copy2_output/copy2_TB.vhdl
Note: Writing one data iteration to INPUT_0...
Time: 30 ns  Iteration: 0  Process: /copy2_testbench/send_proc  File: /home/jon/Desktop/capstone/vhdl_generator/generated_output_vivado_projects/generated_copy2_vivado_project/generated_copy2_vivado_project.srcs/sources_1/imports/copy2_output/copy2_TB.vhdl
Note: Writing one data iteration to INPUT_0...
Time: 40 ns  Iteration: 0  Process: /copy2_testbench/send_proc  File: /home/jon/Desktop/capstone/vhdl_generator/generated_output_vivado_projects/generated_copy2_vivado_project/generated_copy2_vivado_project.srcs/sources_1/imports/copy2_output/copy2_TB.vhdl
Note: Writing one data iteration to INPUT_0...
Time: 50 ns  Iteration: 0  Process: /copy2_testbench/send_proc  File: /home/jon/Desktop/capstone/vhdl_generator/generated_output_vivado_projects/generated_copy2_vivado_project/generated_copy2_vivado_project.srcs/sources_1/imports/copy2_output/copy2_TB.vhdl
Note: Writing one data iteration to INPUT_0...
Time: 60 ns  Iteration: 0  Process: /copy2_testbench/send_proc  File: /home/jon/Desktop/capstone/vhdl_generator/generated_output_vivado_projects/generated_copy2_vivado_project/generated_copy2_vivado_project.srcs/sources_1/imports/copy2_output/copy2_TB.vhdl
Note: Writing one data iteration to INPUT_0...
Time: 70 ns  Iteration: 0  Process: /copy2_testbench/send_proc  File: /home/jon/Desktop/capstone/vhdl_generator/generated_output_vivado_projects/generated_copy2_vivado_project/generated_copy2_vivado_project.srcs/sources_1/imports/copy2_output/copy2_TB.vhdl
Note: Writing one data iteration to INPUT_0...
Time: 80 ns  Iteration: 0  Process: /copy2_testbench/send_proc  File: /home/jon/Desktop/capstone/vhdl_generator/generated_output_vivado_projects/generated_copy2_vivado_project/generated_copy2_vivado_project.srcs/sources_1/imports/copy2_output/copy2_TB.vhdl
Note: Writing one data iteration to INPUT_0...
Time: 90 ns  Iteration: 0  Process: /copy2_testbench/send_proc  File: /home/jon/Desktop/capstone/vhdl_generator/generated_output_vivado_projects/generated_copy2_vivado_project/generated_copy2_vivado_project.srcs/sources_1/imports/copy2_output/copy2_TB.vhdl
Note: Start reading data...
Time: 100 ns  Iteration: 0  Process: /copy2_testbench/receive_proc  File: /home/jon/Desktop/capstone/vhdl_generator/generated_output_vivado_projects/generated_copy2_vivado_project/generated_copy2_vivado_project.srcs/sources_1/imports/copy2_output/copy2_TB.vhdl
Note: Reading from OUTPUT_0...
Time: 100 ns  Iteration: 0  Process: /copy2_testbench/receive_proc  File: /home/jon/Desktop/capstone/vhdl_generator/generated_output_vivado_projects/generated_copy2_vivado_project/generated_copy2_vivado_project.srcs/sources_1/imports/copy2_output/copy2_TB.vhdl
Note: Writing one data iteration to INPUT_0...
Time: 100 ns  Iteration: 0  Process: /copy2_testbench/send_proc  File: /home/jon/Desktop/capstone/vhdl_generator/generated_output_vivado_projects/generated_copy2_vivado_project/generated_copy2_vivado_project.srcs/sources_1/imports/copy2_output/copy2_TB.vhdl
Note: Writing one data iteration to INPUT_0...
Time: 110 ns  Iteration: 0  Process: /copy2_testbench/send_proc  File: /home/jon/Desktop/capstone/vhdl_generator/generated_output_vivado_projects/generated_copy2_vivado_project/generated_copy2_vivado_project.srcs/sources_1/imports/copy2_output/copy2_TB.vhdl
Note: Reading from OUTPUT_0...
Time: 110 ns  Iteration: 0  Process: /copy2_testbench/receive_proc  File: /home/jon/Desktop/capstone/vhdl_generator/generated_output_vivado_projects/generated_copy2_vivado_project/generated_copy2_vivado_project.srcs/sources_1/imports/copy2_output/copy2_TB.vhdl
Note: Writing one data iteration to INPUT_0...
Time: 120 ns  Iteration: 0  Process: /copy2_testbench/send_proc  File: /home/jon/Desktop/capstone/vhdl_generator/generated_output_vivado_projects/generated_copy2_vivado_project/generated_copy2_vivado_project.srcs/sources_1/imports/copy2_output/copy2_TB.vhdl
Note: Reading from OUTPUT_0...
Time: 120 ns  Iteration: 0  Process: /copy2_testbench/receive_proc  File: /home/jon/Desktop/capstone/vhdl_generator/generated_output_vivado_projects/generated_copy2_vivado_project/generated_copy2_vivado_project.srcs/sources_1/imports/copy2_output/copy2_TB.vhdl
Note: Writing one data iteration to INPUT_0...
Time: 130 ns  Iteration: 0  Process: /copy2_testbench/send_proc  File: /home/jon/Desktop/capstone/vhdl_generator/generated_output_vivado_projects/generated_copy2_vivado_project/generated_copy2_vivado_project.srcs/sources_1/imports/copy2_output/copy2_TB.vhdl
Note: Reading from OUTPUT_0...
Time: 130 ns  Iteration: 0  Process: /copy2_testbench/receive_proc  File: /home/jon/Desktop/capstone/vhdl_generator/generated_output_vivado_projects/generated_copy2_vivado_project/generated_copy2_vivado_project.srcs/sources_1/imports/copy2_output/copy2_TB.vhdl
Note: Writing one data iteration to INPUT_0...
Time: 140 ns  Iteration: 0  Process: /copy2_testbench/send_proc  File: /home/jon/Desktop/capstone/vhdl_generator/generated_output_vivado_projects/generated_copy2_vivado_project/generated_copy2_vivado_project.srcs/sources_1/imports/copy2_output/copy2_TB.vhdl
Note: Reading from OUTPUT_1...
Time: 140 ns  Iteration: 0  Process: /copy2_testbench/receive_proc  File: /home/jon/Desktop/capstone/vhdl_generator/generated_output_vivado_projects/generated_copy2_vivado_project/generated_copy2_vivado_project.srcs/sources_1/imports/copy2_output/copy2_TB.vhdl
Note: Writing one data iteration to INPUT_0...
Time: 150 ns  Iteration: 0  Process: /copy2_testbench/send_proc  File: /home/jon/Desktop/capstone/vhdl_generator/generated_output_vivado_projects/generated_copy2_vivado_project/generated_copy2_vivado_project.srcs/sources_1/imports/copy2_output/copy2_TB.vhdl
Note: Reading from OUTPUT_1...
Time: 150 ns  Iteration: 0  Process: /copy2_testbench/receive_proc  File: /home/jon/Desktop/capstone/vhdl_generator/generated_output_vivado_projects/generated_copy2_vivado_project/generated_copy2_vivado_project.srcs/sources_1/imports/copy2_output/copy2_TB.vhdl
Note: Writing one data iteration to INPUT_0...
Time: 160 ns  Iteration: 0  Process: /copy2_testbench/send_proc  File: /home/jon/Desktop/capstone/vhdl_generator/generated_output_vivado_projects/generated_copy2_vivado_project/generated_copy2_vivado_project.srcs/sources_1/imports/copy2_output/copy2_TB.vhdl
Note: Reading from OUTPUT_1...
Time: 160 ns  Iteration: 0  Process: /copy2_testbench/receive_proc  File: /home/jon/Desktop/capstone/vhdl_generator/generated_output_vivado_projects/generated_copy2_vivado_project/generated_copy2_vivado_project.srcs/sources_1/imports/copy2_output/copy2_TB.vhdl
Note: Writing one data iteration to INPUT_0...
Time: 170 ns  Iteration: 0  Process: /copy2_testbench/send_proc  File: /home/jon/Desktop/capstone/vhdl_generator/generated_output_vivado_projects/generated_copy2_vivado_project/generated_copy2_vivado_project.srcs/sources_1/imports/copy2_output/copy2_TB.vhdl
Note: Reading from OUTPUT_1...
Time: 170 ns  Iteration: 0  Process: /copy2_testbench/receive_proc  File: /home/jon/Desktop/capstone/vhdl_generator/generated_output_vivado_projects/generated_copy2_vivado_project/generated_copy2_vivado_project.srcs/sources_1/imports/copy2_output/copy2_TB.vhdl
Note: Writing one data iteration to INPUT_0...
Time: 180 ns  Iteration: 0  Process: /copy2_testbench/send_proc  File: /home/jon/Desktop/capstone/vhdl_generator/generated_output_vivado_projects/generated_copy2_vivado_project/generated_copy2_vivado_project.srcs/sources_1/imports/copy2_output/copy2_TB.vhdl
Note: Reading from OUTPUT_1...
Time: 180 ns  Iteration: 0  Process: /copy2_testbench/receive_proc  File: /home/jon/Desktop/capstone/vhdl_generator/generated_output_vivado_projects/generated_copy2_vivado_project/generated_copy2_vivado_project.srcs/sources_1/imports/copy2_output/copy2_TB.vhdl
Note: Writing one data iteration to INPUT_0...
Time: 190 ns  Iteration: 0  Process: /copy2_testbench/send_proc  File: /home/jon/Desktop/capstone/vhdl_generator/generated_output_vivado_projects/generated_copy2_vivado_project/generated_copy2_vivado_project.srcs/sources_1/imports/copy2_output/copy2_TB.vhdl
Note: Reading from OUTPUT_1...
Time: 190 ns  Iteration: 0  Process: /copy2_testbench/receive_proc  File: /home/jon/Desktop/capstone/vhdl_generator/generated_output_vivado_projects/generated_copy2_vivado_project/generated_copy2_vivado_project.srcs/sources_1/imports/copy2_output/copy2_TB.vhdl
Note: Writing one data iteration to INPUT_0...
Time: 200 ns  Iteration: 0  Process: /copy2_testbench/send_proc  File: /home/jon/Desktop/capstone/vhdl_generator/generated_output_vivado_projects/generated_copy2_vivado_project/generated_copy2_vivado_project.srcs/sources_1/imports/copy2_output/copy2_TB.vhdl
Note: Reading from OUTPUT_1...
Time: 200 ns  Iteration: 0  Process: /copy2_testbench/receive_proc  File: /home/jon/Desktop/capstone/vhdl_generator/generated_output_vivado_projects/generated_copy2_vivado_project/generated_copy2_vivado_project.srcs/sources_1/imports/copy2_output/copy2_TB.vhdl
Note: Writing one data iteration to INPUT_0...
Time: 210 ns  Iteration: 0  Process: /copy2_testbench/send_proc  File: /home/jon/Desktop/capstone/vhdl_generator/generated_output_vivado_projects/generated_copy2_vivado_project/generated_copy2_vivado_project.srcs/sources_1/imports/copy2_output/copy2_TB.vhdl
Note: Reading from OUTPUT_1...
Time: 210 ns  Iteration: 0  Process: /copy2_testbench/receive_proc  File: /home/jon/Desktop/capstone/vhdl_generator/generated_output_vivado_projects/generated_copy2_vivado_project/generated_copy2_vivado_project.srcs/sources_1/imports/copy2_output/copy2_TB.vhdl
Note: Writing one data iteration to INPUT_0...
Time: 220 ns  Iteration: 0  Process: /copy2_testbench/send_proc  File: /home/jon/Desktop/capstone/vhdl_generator/generated_output_vivado_projects/generated_copy2_vivado_project/generated_copy2_vivado_project.srcs/sources_1/imports/copy2_output/copy2_TB.vhdl
Note: Reading from OUTPUT_1...
Time: 220 ns  Iteration: 0  Process: /copy2_testbench/receive_proc  File: /home/jon/Desktop/capstone/vhdl_generator/generated_output_vivado_projects/generated_copy2_vivado_project/generated_copy2_vivado_project.srcs/sources_1/imports/copy2_output/copy2_TB.vhdl
Note: Writing one data iteration to INPUT_0...
Time: 230 ns  Iteration: 0  Process: /copy2_testbench/send_proc  File: /home/jon/Desktop/capstone/vhdl_generator/generated_output_vivado_projects/generated_copy2_vivado_project/generated_copy2_vivado_project.srcs/sources_1/imports/copy2_output/copy2_TB.vhdl
Note: Reading from OUTPUT_1...
Time: 230 ns  Iteration: 0  Process: /copy2_testbench/receive_proc  File: /home/jon/Desktop/capstone/vhdl_generator/generated_output_vivado_projects/generated_copy2_vivado_project/generated_copy2_vivado_project.srcs/sources_1/imports/copy2_output/copy2_TB.vhdl
Note: Writing one data iteration to INPUT_0...
Time: 240 ns  Iteration: 0  Process: /copy2_testbench/send_proc  File: /home/jon/Desktop/capstone/vhdl_generator/generated_output_vivado_projects/generated_copy2_vivado_project/generated_copy2_vivado_project.srcs/sources_1/imports/copy2_output/copy2_TB.vhdl
Note: Reading from OUTPUT_1...
Time: 240 ns  Iteration: 0  Process: /copy2_testbench/receive_proc  File: /home/jon/Desktop/capstone/vhdl_generator/generated_output_vivado_projects/generated_copy2_vivado_project/generated_copy2_vivado_project.srcs/sources_1/imports/copy2_output/copy2_TB.vhdl
Note: Writing one data iteration to INPUT_0...
Time: 250 ns  Iteration: 0  Process: /copy2_testbench/send_proc  File: /home/jon/Desktop/capstone/vhdl_generator/generated_output_vivado_projects/generated_copy2_vivado_project/generated_copy2_vivado_project.srcs/sources_1/imports/copy2_output/copy2_TB.vhdl
Note: Reading from OUTPUT_1...
Time: 250 ns  Iteration: 0  Process: /copy2_testbench/receive_proc  File: /home/jon/Desktop/capstone/vhdl_generator/generated_output_vivado_projects/generated_copy2_vivado_project/generated_copy2_vivado_project.srcs/sources_1/imports/copy2_output/copy2_TB.vhdl
Note: Writing one data iteration to INPUT_0...
Time: 260 ns  Iteration: 0  Process: /copy2_testbench/send_proc  File: /home/jon/Desktop/capstone/vhdl_generator/generated_output_vivado_projects/generated_copy2_vivado_project/generated_copy2_vivado_project.srcs/sources_1/imports/copy2_output/copy2_TB.vhdl
Note: Reading from OUTPUT_1...
Time: 260 ns  Iteration: 0  Process: /copy2_testbench/receive_proc  File: /home/jon/Desktop/capstone/vhdl_generator/generated_output_vivado_projects/generated_copy2_vivado_project/generated_copy2_vivado_project.srcs/sources_1/imports/copy2_output/copy2_TB.vhdl
Note: Writing one data iteration to INPUT_0...
Time: 270 ns  Iteration: 0  Process: /copy2_testbench/send_proc  File: /home/jon/Desktop/capstone/vhdl_generator/generated_output_vivado_projects/generated_copy2_vivado_project/generated_copy2_vivado_project.srcs/sources_1/imports/copy2_output/copy2_TB.vhdl
Note: Reading from OUTPUT_1...
Time: 270 ns  Iteration: 0  Process: /copy2_testbench/receive_proc  File: /home/jon/Desktop/capstone/vhdl_generator/generated_output_vivado_projects/generated_copy2_vivado_project/generated_copy2_vivado_project.srcs/sources_1/imports/copy2_output/copy2_TB.vhdl
Note: Writing one data iteration to INPUT_1...
Time: 280 ns  Iteration: 0  Process: /copy2_testbench/send_proc  File: /home/jon/Desktop/capstone/vhdl_generator/generated_output_vivado_projects/generated_copy2_vivado_project/generated_copy2_vivado_project.srcs/sources_1/imports/copy2_output/copy2_TB.vhdl
Note: Reading from OUTPUT_1...
Time: 280 ns  Iteration: 0  Process: /copy2_testbench/receive_proc  File: /home/jon/Desktop/capstone/vhdl_generator/generated_output_vivado_projects/generated_copy2_vivado_project/generated_copy2_vivado_project.srcs/sources_1/imports/copy2_output/copy2_TB.vhdl
Note: Writing one data iteration to INPUT_1...
Time: 290 ns  Iteration: 0  Process: /copy2_testbench/send_proc  File: /home/jon/Desktop/capstone/vhdl_generator/generated_output_vivado_projects/generated_copy2_vivado_project/generated_copy2_vivado_project.srcs/sources_1/imports/copy2_output/copy2_TB.vhdl
Note: Reading from OUTPUT_1...
Time: 290 ns  Iteration: 0  Process: /copy2_testbench/receive_proc  File: /home/jon/Desktop/capstone/vhdl_generator/generated_output_vivado_projects/generated_copy2_vivado_project/generated_copy2_vivado_project.srcs/sources_1/imports/copy2_output/copy2_TB.vhdl
Note: Writing one data iteration to INPUT_1...
Time: 300 ns  Iteration: 0  Process: /copy2_testbench/send_proc  File: /home/jon/Desktop/capstone/vhdl_generator/generated_output_vivado_projects/generated_copy2_vivado_project/generated_copy2_vivado_project.srcs/sources_1/imports/copy2_output/copy2_TB.vhdl
Note: Reading from OUTPUT_1...
Time: 300 ns  Iteration: 0  Process: /copy2_testbench/receive_proc  File: /home/jon/Desktop/capstone/vhdl_generator/generated_output_vivado_projects/generated_copy2_vivado_project/generated_copy2_vivado_project.srcs/sources_1/imports/copy2_output/copy2_TB.vhdl
Note: Writing one data iteration to INPUT_1...
Time: 310 ns  Iteration: 0  Process: /copy2_testbench/send_proc  File: /home/jon/Desktop/capstone/vhdl_generator/generated_output_vivado_projects/generated_copy2_vivado_project/generated_copy2_vivado_project.srcs/sources_1/imports/copy2_output/copy2_TB.vhdl
Note: Reading from OUTPUT_1...
Time: 310 ns  Iteration: 0  Process: /copy2_testbench/receive_proc  File: /home/jon/Desktop/capstone/vhdl_generator/generated_output_vivado_projects/generated_copy2_vivado_project/generated_copy2_vivado_project.srcs/sources_1/imports/copy2_output/copy2_TB.vhdl
Note: Writing one data iteration to INPUT_1...
Time: 320 ns  Iteration: 0  Process: /copy2_testbench/send_proc  File: /home/jon/Desktop/capstone/vhdl_generator/generated_output_vivado_projects/generated_copy2_vivado_project/generated_copy2_vivado_project.srcs/sources_1/imports/copy2_output/copy2_TB.vhdl
