Vivado Simulator 2019.2
Time resolution is 1 ps
Note: Wait for filling...
Time: 0 ps  Iteration: 0  Process: /copy1_tb/receive_proc  File: /home/jon/Desktop/capstone/copy1_poc/copy1_poc.srcs/sources_1/imports/new/copy1_tb.vhdl
Note: Adding input...
Time: 20 ns  Iteration: 0  Process: /copy1_tb/send_proc  File: /home/jon/Desktop/capstone/copy1_poc/copy1_poc.srcs/sources_1/imports/new/copy1_tb.vhdl
Note: Writing one data iteration...
Time: 20 ns  Iteration: 0  Process: /copy1_tb/send_proc  File: /home/jon/Desktop/capstone/copy1_poc/copy1_poc.srcs/sources_1/imports/new/copy1_tb.vhdl
Note: Writing one data iteration...
Time: 30 ns  Iteration: 0  Process: /copy1_tb/send_proc  File: /home/jon/Desktop/capstone/copy1_poc/copy1_poc.srcs/sources_1/imports/new/copy1_tb.vhdl
Note: Writing one data iteration...
Time: 40 ns  Iteration: 0  Process: /copy1_tb/send_proc  File: /home/jon/Desktop/capstone/copy1_poc/copy1_poc.srcs/sources_1/imports/new/copy1_tb.vhdl
Note: Writing one data iteration...
Time: 50 ns  Iteration: 0  Process: /copy1_tb/send_proc  File: /home/jon/Desktop/capstone/copy1_poc/copy1_poc.srcs/sources_1/imports/new/copy1_tb.vhdl
Note: Writing one data iteration...
Time: 60 ns  Iteration: 0  Process: /copy1_tb/send_proc  File: /home/jon/Desktop/capstone/copy1_poc/copy1_poc.srcs/sources_1/imports/new/copy1_tb.vhdl
Note: Writing one data iteration...
Time: 70 ns  Iteration: 0  Process: /copy1_tb/send_proc  File: /home/jon/Desktop/capstone/copy1_poc/copy1_poc.srcs/sources_1/imports/new/copy1_tb.vhdl
Note: Writing one data iteration...
Time: 80 ns  Iteration: 0  Process: /copy1_tb/send_proc  File: /home/jon/Desktop/capstone/copy1_poc/copy1_poc.srcs/sources_1/imports/new/copy1_tb.vhdl
Note: Writing one data iteration...
Time: 90 ns  Iteration: 0  Process: /copy1_tb/send_proc  File: /home/jon/Desktop/capstone/copy1_poc/copy1_poc.srcs/sources_1/imports/new/copy1_tb.vhdl
Note: Start reading data...
Time: 100 ns  Iteration: 0  Process: /copy1_tb/receive_proc  File: /home/jon/Desktop/capstone/copy1_poc/copy1_poc.srcs/sources_1/imports/new/copy1_tb.vhdl
Note: Reading one data iteration...
Time: 100 ns  Iteration: 0  Process: /copy1_tb/receive_proc  File: /home/jon/Desktop/capstone/copy1_poc/copy1_poc.srcs/sources_1/imports/new/copy1_tb.vhdl
Note: Writing one data iteration...
Time: 100 ns  Iteration: 0  Process: /copy1_tb/send_proc  File: /home/jon/Desktop/capstone/copy1_poc/copy1_poc.srcs/sources_1/imports/new/copy1_tb.vhdl
Note: Writing one data iteration...
Time: 110 ns  Iteration: 0  Process: /copy1_tb/send_proc  File: /home/jon/Desktop/capstone/copy1_poc/copy1_poc.srcs/sources_1/imports/new/copy1_tb.vhdl
Note: Reading one data iteration...
Time: 110 ns  Iteration: 0  Process: /copy1_tb/receive_proc  File: /home/jon/Desktop/capstone/copy1_poc/copy1_poc.srcs/sources_1/imports/new/copy1_tb.vhdl
Note: Writing one data iteration...
Time: 120 ns  Iteration: 0  Process: /copy1_tb/send_proc  File: /home/jon/Desktop/capstone/copy1_poc/copy1_poc.srcs/sources_1/imports/new/copy1_tb.vhdl
Note: Reading one data iteration...
Time: 120 ns  Iteration: 0  Process: /copy1_tb/receive_proc  File: /home/jon/Desktop/capstone/copy1_poc/copy1_poc.srcs/sources_1/imports/new/copy1_tb.vhdl
Note: Writing one data iteration...
Time: 130 ns  Iteration: 0  Process: /copy1_tb/send_proc  File: /home/jon/Desktop/capstone/copy1_poc/copy1_poc.srcs/sources_1/imports/new/copy1_tb.vhdl
Note: Reading one data iteration...
Time: 130 ns  Iteration: 0  Process: /copy1_tb/receive_proc  File: /home/jon/Desktop/capstone/copy1_poc/copy1_poc.srcs/sources_1/imports/new/copy1_tb.vhdl
Note: Writing one data iteration...
Time: 140 ns  Iteration: 0  Process: /copy1_tb/send_proc  File: /home/jon/Desktop/capstone/copy1_poc/copy1_poc.srcs/sources_1/imports/new/copy1_tb.vhdl
Note: Reading one data iteration...
Time: 140 ns  Iteration: 0  Process: /copy1_tb/receive_proc  File: /home/jon/Desktop/capstone/copy1_poc/copy1_poc.srcs/sources_1/imports/new/copy1_tb.vhdl
Note: Writing one data iteration...
Time: 150 ns  Iteration: 0  Process: /copy1_tb/send_proc  File: /home/jon/Desktop/capstone/copy1_poc/copy1_poc.srcs/sources_1/imports/new/copy1_tb.vhdl
Note: Reading one data iteration...
Time: 150 ns  Iteration: 0  Process: /copy1_tb/receive_proc  File: /home/jon/Desktop/capstone/copy1_poc/copy1_poc.srcs/sources_1/imports/new/copy1_tb.vhdl
Note: Writing one data iteration...
Time: 160 ns  Iteration: 0  Process: /copy1_tb/send_proc  File: /home/jon/Desktop/capstone/copy1_poc/copy1_poc.srcs/sources_1/imports/new/copy1_tb.vhdl
Note: Reading one data iteration...
Time: 160 ns  Iteration: 0  Process: /copy1_tb/receive_proc  File: /home/jon/Desktop/capstone/copy1_poc/copy1_poc.srcs/sources_1/imports/new/copy1_tb.vhdl
Note: Writing one data iteration...
Time: 170 ns  Iteration: 0  Process: /copy1_tb/send_proc  File: /home/jon/Desktop/capstone/copy1_poc/copy1_poc.srcs/sources_1/imports/new/copy1_tb.vhdl
Note: Reading one data iteration...
Time: 170 ns  Iteration: 0  Process: /copy1_tb/receive_proc  File: /home/jon/Desktop/capstone/copy1_poc/copy1_poc.srcs/sources_1/imports/new/copy1_tb.vhdl
Note: Writing one data iteration...
Time: 180 ns  Iteration: 0  Process: /copy1_tb/send_proc  File: /home/jon/Desktop/capstone/copy1_poc/copy1_poc.srcs/sources_1/imports/new/copy1_tb.vhdl
Note: Reading one data iteration...
Time: 180 ns  Iteration: 0  Process: /copy1_tb/receive_proc  File: /home/jon/Desktop/capstone/copy1_poc/copy1_poc.srcs/sources_1/imports/new/copy1_tb.vhdl
Note: Writing one data iteration...
Time: 190 ns  Iteration: 0  Process: /copy1_tb/send_proc  File: /home/jon/Desktop/capstone/copy1_poc/copy1_poc.srcs/sources_1/imports/new/copy1_tb.vhdl
Note: Reading one data iteration...
Time: 190 ns  Iteration: 0  Process: /copy1_tb/receive_proc  File: /home/jon/Desktop/capstone/copy1_poc/copy1_poc.srcs/sources_1/imports/new/copy1_tb.vhdl
Note: Writing one data iteration...
Time: 200 ns  Iteration: 0  Process: /copy1_tb/send_proc  File: /home/jon/Desktop/capstone/copy1_poc/copy1_poc.srcs/sources_1/imports/new/copy1_tb.vhdl
Note: Reading one data iteration...
Time: 200 ns  Iteration: 0  Process: /copy1_tb/receive_proc  File: /home/jon/Desktop/capstone/copy1_poc/copy1_poc.srcs/sources_1/imports/new/copy1_tb.vhdl
Note: Writing one data iteration...
Time: 210 ns  Iteration: 0  Process: /copy1_tb/send_proc  File: /home/jon/Desktop/capstone/copy1_poc/copy1_poc.srcs/sources_1/imports/new/copy1_tb.vhdl
Note: Reading one data iteration...
Time: 210 ns  Iteration: 0  Process: /copy1_tb/receive_proc  File: /home/jon/Desktop/capstone/copy1_poc/copy1_poc.srcs/sources_1/imports/new/copy1_tb.vhdl
Note: Writing one data iteration...
Time: 220 ns  Iteration: 0  Process: /copy1_tb/send_proc  File: /home/jon/Desktop/capstone/copy1_poc/copy1_poc.srcs/sources_1/imports/new/copy1_tb.vhdl
Note: Reading one data iteration...
Time: 220 ns  Iteration: 0  Process: /copy1_tb/receive_proc  File: /home/jon/Desktop/capstone/copy1_poc/copy1_poc.srcs/sources_1/imports/new/copy1_tb.vhdl
Note: Writing one data iteration...
Time: 230 ns  Iteration: 0  Process: /copy1_tb/send_proc  File: /home/jon/Desktop/capstone/copy1_poc/copy1_poc.srcs/sources_1/imports/new/copy1_tb.vhdl
Note: Reading one data iteration...
Time: 230 ns  Iteration: 0  Process: /copy1_tb/receive_proc  File: /home/jon/Desktop/capstone/copy1_poc/copy1_poc.srcs/sources_1/imports/new/copy1_tb.vhdl
Note: Writing one data iteration...
Time: 240 ns  Iteration: 0  Process: /copy1_tb/send_proc  File: /home/jon/Desktop/capstone/copy1_poc/copy1_poc.srcs/sources_1/imports/new/copy1_tb.vhdl
Note: Reading one data iteration...
Time: 240 ns  Iteration: 0  Process: /copy1_tb/receive_proc  File: /home/jon/Desktop/capstone/copy1_poc/copy1_poc.srcs/sources_1/imports/new/copy1_tb.vhdl
Note: Writing one data iteration...
Time: 250 ns  Iteration: 0  Process: /copy1_tb/send_proc  File: /home/jon/Desktop/capstone/copy1_poc/copy1_poc.srcs/sources_1/imports/new/copy1_tb.vhdl
Note: Reading one data iteration...
Time: 250 ns  Iteration: 0  Process: /copy1_tb/receive_proc  File: /home/jon/Desktop/capstone/copy1_poc/copy1_poc.srcs/sources_1/imports/new/copy1_tb.vhdl
Note: Writing one data iteration...
Time: 260 ns  Iteration: 0  Process: /copy1_tb/send_proc  File: /home/jon/Desktop/capstone/copy1_poc/copy1_poc.srcs/sources_1/imports/new/copy1_tb.vhdl
