Vivado Simulator 2019.2
Time resolution is 1 ps
Note: Wait for filling...
Time: 0 ps  Iteration: 0  Process: /copy1_testbench/receive_proc  File: /home/jon/Desktop/capstone/vhdl_generator/generated_output_vivado_projects/generated_copy1_vivado_project/generated_copy1_vivado_project.srcs/sources_1/imports/copy1_output/copy1_TB.vhdl
Note: Adding input...
Time: 20 ns  Iteration: 0  Process: /copy1_testbench/send_proc  File: /home/jon/Desktop/capstone/vhdl_generator/generated_output_vivado_projects/generated_copy1_vivado_project/generated_copy1_vivado_project.srcs/sources_1/imports/copy1_output/copy1_TB.vhdl
Note: Writing one data iteration to INPUT_0...
Time: 20 ns  Iteration: 0  Process: /copy1_testbench/send_proc  File: /home/jon/Desktop/capstone/vhdl_generator/generated_output_vivado_projects/generated_copy1_vivado_project/generated_copy1_vivado_project.srcs/sources_1/imports/copy1_output/copy1_TB.vhdl
Note: Writing one data iteration to INPUT_0...
Time: 30 ns  Iteration: 0  Process: /copy1_testbench/send_proc  File: /home/jon/Desktop/capstone/vhdl_generator/generated_output_vivado_projects/generated_copy1_vivado_project/generated_copy1_vivado_project.srcs/sources_1/imports/copy1_output/copy1_TB.vhdl
Note: Writing one data iteration to INPUT_0...
Time: 40 ns  Iteration: 0  Process: /copy1_testbench/send_proc  File: /home/jon/Desktop/capstone/vhdl_generator/generated_output_vivado_projects/generated_copy1_vivado_project/generated_copy1_vivado_project.srcs/sources_1/imports/copy1_output/copy1_TB.vhdl
Note: Writing one data iteration to INPUT_0...
Time: 50 ns  Iteration: 0  Process: /copy1_testbench/send_proc  File: /home/jon/Desktop/capstone/vhdl_generator/generated_output_vivado_projects/generated_copy1_vivado_project/generated_copy1_vivado_project.srcs/sources_1/imports/copy1_output/copy1_TB.vhdl
Note: Writing one data iteration to INPUT_0...
Time: 60 ns  Iteration: 0  Process: /copy1_testbench/send_proc  File: /home/jon/Desktop/capstone/vhdl_generator/generated_output_vivado_projects/generated_copy1_vivado_project/generated_copy1_vivado_project.srcs/sources_1/imports/copy1_output/copy1_TB.vhdl
Note: Writing one data iteration to INPUT_0...
Time: 70 ns  Iteration: 0  Process: /copy1_testbench/send_proc  File: /home/jon/Desktop/capstone/vhdl_generator/generated_output_vivado_projects/generated_copy1_vivado_project/generated_copy1_vivado_project.srcs/sources_1/imports/copy1_output/copy1_TB.vhdl
Note: Writing one data iteration to INPUT_0...
Time: 80 ns  Iteration: 0  Process: /copy1_testbench/send_proc  File: /home/jon/Desktop/capstone/vhdl_generator/generated_output_vivado_projects/generated_copy1_vivado_project/generated_copy1_vivado_project.srcs/sources_1/imports/copy1_output/copy1_TB.vhdl
Note: Writing one data iteration to INPUT_0...
Time: 90 ns  Iteration: 0  Process: /copy1_testbench/send_proc  File: /home/jon/Desktop/capstone/vhdl_generator/generated_output_vivado_projects/generated_copy1_vivado_project/generated_copy1_vivado_project.srcs/sources_1/imports/copy1_output/copy1_TB.vhdl
Note: Start reading data...
Time: 100 ns  Iteration: 0  Process: /copy1_testbench/receive_proc  File: /home/jon/Desktop/capstone/vhdl_generator/generated_output_vivado_projects/generated_copy1_vivado_project/generated_copy1_vivado_project.srcs/sources_1/imports/copy1_output/copy1_TB.vhdl
Note: Reading from OUTPUT_0...
Time: 100 ns  Iteration: 0  Process: /copy1_testbench/receive_proc  File: /home/jon/Desktop/capstone/vhdl_generator/generated_output_vivado_projects/generated_copy1_vivado_project/generated_copy1_vivado_project.srcs/sources_1/imports/copy1_output/copy1_TB.vhdl
Note: Writing one data iteration to INPUT_0...
Time: 100 ns  Iteration: 0  Process: /copy1_testbench/send_proc  File: /home/jon/Desktop/capstone/vhdl_generator/generated_output_vivado_projects/generated_copy1_vivado_project/generated_copy1_vivado_project.srcs/sources_1/imports/copy1_output/copy1_TB.vhdl
Note: Writing one data iteration to INPUT_0...
Time: 110 ns  Iteration: 0  Process: /copy1_testbench/send_proc  File: /home/jon/Desktop/capstone/vhdl_generator/generated_output_vivado_projects/generated_copy1_vivado_project/generated_copy1_vivado_project.srcs/sources_1/imports/copy1_output/copy1_TB.vhdl
Note: Reading from OUTPUT_0...
Time: 110 ns  Iteration: 0  Process: /copy1_testbench/receive_proc  File: /home/jon/Desktop/capstone/vhdl_generator/generated_output_vivado_projects/generated_copy1_vivado_project/generated_copy1_vivado_project.srcs/sources_1/imports/copy1_output/copy1_TB.vhdl
Note: Writing one data iteration to INPUT_0...
Time: 120 ns  Iteration: 0  Process: /copy1_testbench/send_proc  File: /home/jon/Desktop/capstone/vhdl_generator/generated_output_vivado_projects/generated_copy1_vivado_project/generated_copy1_vivado_project.srcs/sources_1/imports/copy1_output/copy1_TB.vhdl
Note: Reading from OUTPUT_0...
Time: 120 ns  Iteration: 0  Process: /copy1_testbench/receive_proc  File: /home/jon/Desktop/capstone/vhdl_generator/generated_output_vivado_projects/generated_copy1_vivado_project/generated_copy1_vivado_project.srcs/sources_1/imports/copy1_output/copy1_TB.vhdl
Note: Writing one data iteration to INPUT_0...
Time: 130 ns  Iteration: 0  Process: /copy1_testbench/send_proc  File: /home/jon/Desktop/capstone/vhdl_generator/generated_output_vivado_projects/generated_copy1_vivado_project/generated_copy1_vivado_project.srcs/sources_1/imports/copy1_output/copy1_TB.vhdl
Note: Reading from OUTPUT_0...
Time: 130 ns  Iteration: 0  Process: /copy1_testbench/receive_proc  File: /home/jon/Desktop/capstone/vhdl_generator/generated_output_vivado_projects/generated_copy1_vivado_project/generated_copy1_vivado_project.srcs/sources_1/imports/copy1_output/copy1_TB.vhdl
Note: Writing one data iteration to INPUT_0...
Time: 140 ns  Iteration: 0  Process: /copy1_testbench/send_proc  File: /home/jon/Desktop/capstone/vhdl_generator/generated_output_vivado_projects/generated_copy1_vivado_project/generated_copy1_vivado_project.srcs/sources_1/imports/copy1_output/copy1_TB.vhdl
Note: Test completed. Check waveform.
Time: 140 ns  Iteration: 0  Process: /copy1_testbench/receive_proc  File: /home/jon/Desktop/capstone/vhdl_generator/generated_output_vivado_projects/generated_copy1_vivado_project/generated_copy1_vivado_project.srcs/sources_1/imports/copy1_output/copy1_TB.vhdl
$finish called at time : 140 ns : File "/home/jon/Desktop/capstone/vhdl_generator/generated_output_vivado_projects/generated_copy1_vivado_project/generated_copy1_vivado_project.srcs/sources_1/imports/copy1_output/copy1_TB.vhdl" Line 118
