
*** Running vivado
    with args -log copy1_wrapper.vds -m64 -product Vivado -mode batch -messageDb vivado.pb -notrace -source copy1_wrapper.tcl


****** Vivado v2019.2.1 (64-bit)
  **** SW Build 2729669 on Thu Dec  5 04:48:12 MST 2019
  **** IP Build 2729494 on Thu Dec  5 07:38:25 MST 2019
    ** Copyright 1986-2019 Xilinx, Inc. All Rights Reserved.

source copy1_wrapper.tcl -notrace
Command: synth_design -top copy1_wrapper -part xc7vx485tffg1157-1
Starting synth_design
Attempting to get a license for feature 'Synthesis' and/or device 'xc7vx485t'
INFO: [Common 17-349] Got license for feature 'Synthesis' and/or device 'xc7vx485t'
INFO: [Common 17-86] Your Synthesis license expires in 20 day(s)
INFO: Launching helper process for spawning children vivado processes
INFO: Helper process launched with PID 9811 
---------------------------------------------------------------------------------
Starting Synthesize : Time (s): cpu = 00:00:05 ; elapsed = 00:00:07 . Memory (MB): peak = 1600.566 ; gain = 156.719 ; free physical = 897 ; free virtual = 4665
---------------------------------------------------------------------------------
INFO: [Synth 8-638] synthesizing module 'copy1_wrapper' [/home/jon/Desktop/capstone/copy1_poc/copy1_poc.srcs/sources_1/imports/new/copy1_wrapper.vhdl:8]
	Parameter copy1_ram_width bound to: 16 - type: integer 
	Parameter copy1_ram_depth bound to: 1 - type: integer 
INFO: [Synth 8-3491] module 'copy1' declared at '/home/jon/Desktop/capstone/copy1_poc/copy1_poc.srcs/sources_1/imports/new/copy1.vhdl:5' bound to instance 'copy' of component 'copy1' [/home/jon/Desktop/capstone/copy1_poc/copy1_poc.srcs/sources_1/imports/new/copy1_wrapper.vhdl:47]
INFO: [Synth 8-638] synthesizing module 'copy1' [/home/jon/Desktop/capstone/copy1_poc/copy1_poc.srcs/sources_1/imports/new/copy1.vhdl:24]
	Parameter copy1_ram_width bound to: 16 - type: integer 
	Parameter copy1_ram_depth bound to: 1 - type: integer 
INFO: [Synth 8-3491] module 'entity_node' declared at '/home/jon/Desktop/capstone/copy1_poc/copy1_poc.srcs/sources_1/imports/new/entity_node.vhdl:6' bound to instance 'entry_node' of component 'entity_node' [/home/jon/Desktop/capstone/copy1_poc/copy1_poc.srcs/sources_1/imports/new/copy1.vhdl:63]
INFO: [Synth 8-638] synthesizing module 'entity_node' [/home/jon/Desktop/capstone/copy1_poc/copy1_poc.srcs/sources_1/imports/new/entity_node.vhdl:18]
INFO: [Synth 8-256] done synthesizing module 'entity_node' (1#1) [/home/jon/Desktop/capstone/copy1_poc/copy1_poc.srcs/sources_1/imports/new/entity_node.vhdl:18]
	Parameter ram_width bound to: 16 - type: integer 
	Parameter ram_depth bound to: 1 - type: integer 
INFO: [Synth 8-3491] module 'axi_fifo' declared at '/home/jon/Desktop/capstone/copy1_poc/copy1_poc.srcs/sources_1/imports/new/axi_fifo.vhd:5' bound to instance 'fifo' of component 'axi_fifo' [/home/jon/Desktop/capstone/copy1_poc/copy1_poc.srcs/sources_1/imports/new/copy1.vhdl:69]
INFO: [Synth 8-638] synthesizing module 'axi_fifo' [/home/jon/Desktop/capstone/copy1_poc/copy1_poc.srcs/sources_1/imports/new/axi_fifo.vhd:26]
	Parameter ram_width bound to: 16 - type: integer 
	Parameter ram_depth bound to: 1 - type: integer 
WARNING: [Synth 8-6014] Unused sequential element count_delayed_reg was removed.  [/home/jon/Desktop/capstone/copy1_poc/copy1_poc.srcs/sources_1/imports/new/axi_fifo.vhd:118]
WARNING: [Synth 8-6014] Unused sequential element read_while_write_delayed_reg was removed.  [/home/jon/Desktop/capstone/copy1_poc/copy1_poc.srcs/sources_1/imports/new/axi_fifo.vhd:140]
WARNING: [Synth 8-4767] Trying to implement RAM 'ram_reg' in registers. Block RAM or DRAM implementation is not possible; see log for reasons.
Reason is one or more of the following :
	1: Write port has constant address. 
	2: No valid read/write found for RAM. 
	2: Only 1 word in RAM 
RAM "ram_reg" dissolved into registers
INFO: [Synth 8-256] done synthesizing module 'axi_fifo' (2#1) [/home/jon/Desktop/capstone/copy1_poc/copy1_poc.srcs/sources_1/imports/new/axi_fifo.vhd:26]
INFO: [Synth 8-3491] module 'entity_node' declared at '/home/jon/Desktop/capstone/copy1_poc/copy1_poc.srcs/sources_1/imports/new/entity_node.vhdl:6' bound to instance 'exit_node' of component 'entity_node' [/home/jon/Desktop/capstone/copy1_poc/copy1_poc.srcs/sources_1/imports/new/copy1.vhdl:83]
INFO: [Synth 8-256] done synthesizing module 'copy1' (3#1) [/home/jon/Desktop/capstone/copy1_poc/copy1_poc.srcs/sources_1/imports/new/copy1.vhdl:24]
WARNING: [Synth 8-312] ignoring unsynthesizable construct: wait statement with no conditon [/home/jon/Desktop/capstone/copy1_poc/copy1_poc.srcs/sources_1/imports/new/copy1_wrapper.vhdl:66]
WARNING: [Synth 8-312] ignoring unsynthesizable construct: non-synthesizable procedure call [/home/jon/Desktop/capstone/copy1_poc/copy1_poc.srcs/sources_1/imports/new/copy1_wrapper.vhdl:76]
WARNING: [Synth 8-312] ignoring unsynthesizable construct: wait statement with no conditon [/home/jon/Desktop/capstone/copy1_poc/copy1_poc.srcs/sources_1/imports/new/copy1_wrapper.vhdl:80]
WARNING: [Synth 8-312] ignoring unsynthesizable construct: wait statement with no conditon [/home/jon/Desktop/capstone/copy1_poc/copy1_poc.srcs/sources_1/imports/new/copy1_wrapper.vhdl:89]
INFO: [Synth 8-256] done synthesizing module 'copy1_wrapper' (4#1) [/home/jon/Desktop/capstone/copy1_poc/copy1_poc.srcs/sources_1/imports/new/copy1_wrapper.vhdl:8]
WARNING: [Synth 8-3331] design entity_node has unconnected port entity_clk
WARNING: [Synth 8-3331] design entity_node has unconnected port entity_rst
WARNING: [Synth 8-3331] design axi_fifo has unconnected port buf_rst
WARNING: [Synth 8-3331] design axi_fifo has unconnected port in_valid
WARNING: [Synth 8-3331] design axi_fifo has unconnected port out_ready
---------------------------------------------------------------------------------
Finished Synthesize : Time (s): cpu = 00:00:07 ; elapsed = 00:00:10 . Memory (MB): peak = 1662.316 ; gain = 218.469 ; free physical = 930 ; free virtual = 4699
---------------------------------------------------------------------------------
---------------------------------------------------------------------------------
Finished Constraint Validation : Time (s): cpu = 00:00:08 ; elapsed = 00:00:11 . Memory (MB): peak = 1662.316 ; gain = 218.469 ; free physical = 927 ; free virtual = 4695
---------------------------------------------------------------------------------
---------------------------------------------------------------------------------
Start Loading Part and Timing Information
---------------------------------------------------------------------------------
Loading part: xc7vx485tffg1157-1
INFO: [Device 21-403] Loading part xc7vx485tffg1157-1
---------------------------------------------------------------------------------
Finished Loading Part and Timing Information : Time (s): cpu = 00:00:08 ; elapsed = 00:00:11 . Memory (MB): peak = 1670.320 ; gain = 226.473 ; free physical = 927 ; free virtual = 4695
---------------------------------------------------------------------------------
---------------------------------------------------------------------------------
Finished RTL Optimization Phase 2 : Time (s): cpu = 00:00:09 ; elapsed = 00:00:11 . Memory (MB): peak = 1679.227 ; gain = 235.379 ; free physical = 918 ; free virtual = 4687
---------------------------------------------------------------------------------

Report RTL Partitions: 
+-+--------------+------------+----------+
| |RTL Partition |Replication |Instances |
+-+--------------+------------+----------+
+-+--------------+------------+----------+
No constraint files found.
---------------------------------------------------------------------------------
Start RTL Component Statistics 
---------------------------------------------------------------------------------
Detailed RTL Component Info : 
+---Registers : 
	               16 Bit    Registers := 2     
	                1 Bit    Registers := 2     
---------------------------------------------------------------------------------
Finished RTL Component Statistics 
---------------------------------------------------------------------------------
---------------------------------------------------------------------------------
Start RTL Hierarchical Component Statistics 
---------------------------------------------------------------------------------
Hierarchical RTL Component report 
Module copy1_wrapper 
Detailed RTL Component Info : 
+---Registers : 
	                1 Bit    Registers := 2     
Module axi_fifo 
Detailed RTL Component Info : 
+---Registers : 
	               16 Bit    Registers := 2     
---------------------------------------------------------------------------------
Finished RTL Hierarchical Component Statistics
---------------------------------------------------------------------------------
---------------------------------------------------------------------------------
Start Part Resource Summary
---------------------------------------------------------------------------------
Part Resources:
DSPs: 2800 (col length:140)
BRAMs: 2060 (col length: RAMB18 140 RAMB36 70)
---------------------------------------------------------------------------------
Finished Part Resource Summary
---------------------------------------------------------------------------------
No constraint files found.
---------------------------------------------------------------------------------
Start Cross Boundary and Area Optimization
---------------------------------------------------------------------------------
Warning: Parallel synthesis criteria is not met 
WARNING: [Synth 8-3330] design copy1_wrapper has an empty top module
---------------------------------------------------------------------------------
Finished Cross Boundary and Area Optimization : Time (s): cpu = 00:00:27 ; elapsed = 00:00:43 . Memory (MB): peak = 1941.367 ; gain = 497.520 ; free physical = 595 ; free virtual = 4366
---------------------------------------------------------------------------------

Report RTL Partitions: 
+-+--------------+------------+----------+
| |RTL Partition |Replication |Instances |
+-+--------------+------------+----------+
+-+--------------+------------+----------+
No constraint files found.
---------------------------------------------------------------------------------
Start Timing Optimization
---------------------------------------------------------------------------------
---------------------------------------------------------------------------------
Finished Timing Optimization : Time (s): cpu = 00:00:27 ; elapsed = 00:00:44 . Memory (MB): peak = 1941.367 ; gain = 497.520 ; free physical = 592 ; free virtual = 4363
---------------------------------------------------------------------------------

Report RTL Partitions: 
+-+--------------+------------+----------+
| |RTL Partition |Replication |Instances |
+-+--------------+------------+----------+
+-+--------------+------------+----------+
---------------------------------------------------------------------------------
Start Technology Mapping
---------------------------------------------------------------------------------
---------------------------------------------------------------------------------
Finished Technology Mapping : Time (s): cpu = 00:00:27 ; elapsed = 00:00:44 . Memory (MB): peak = 1941.367 ; gain = 497.520 ; free physical = 592 ; free virtual = 4363
---------------------------------------------------------------------------------

Report RTL Partitions: 
+-+--------------+------------+----------+
| |RTL Partition |Replication |Instances |
+-+--------------+------------+----------+
+-+--------------+------------+----------+
---------------------------------------------------------------------------------
Start IO Insertion
---------------------------------------------------------------------------------
---------------------------------------------------------------------------------
Start Flattening Before IO Insertion
---------------------------------------------------------------------------------
---------------------------------------------------------------------------------
Finished Flattening Before IO Insertion
---------------------------------------------------------------------------------
---------------------------------------------------------------------------------
Start Final Netlist Cleanup
---------------------------------------------------------------------------------
---------------------------------------------------------------------------------
Finished Final Netlist Cleanup
---------------------------------------------------------------------------------
---------------------------------------------------------------------------------
Finished IO Insertion : Time (s): cpu = 00:00:32 ; elapsed = 00:00:48 . Memory (MB): peak = 1941.367 ; gain = 497.520 ; free physical = 593 ; free virtual = 4363
---------------------------------------------------------------------------------
---------------------------------------------------------------------------------
Start Renaming Generated Instances
---------------------------------------------------------------------------------
---------------------------------------------------------------------------------
Finished Renaming Generated Instances : Time (s): cpu = 00:00:32 ; elapsed = 00:00:48 . Memory (MB): peak = 1941.367 ; gain = 497.520 ; free physical = 593 ; free virtual = 4363
---------------------------------------------------------------------------------

Report RTL Partitions: 
+-+--------------+------------+----------+
| |RTL Partition |Replication |Instances |
+-+--------------+------------+----------+
+-+--------------+------------+----------+

Report Check Netlist: 
+------+------------------+-------+---------+-------+------------------+
|      |Item              |Errors |Warnings |Status |Description       |
+------+------------------+-------+---------+-------+------------------+
|1     |multi_driven_nets |      0|        0|Passed |Multi driven nets |
+------+------------------+-------+---------+-------+------------------+
---------------------------------------------------------------------------------
Start Rebuilding User Hierarchy
---------------------------------------------------------------------------------
---------------------------------------------------------------------------------
Finished Rebuilding User Hierarchy : Time (s): cpu = 00:00:32 ; elapsed = 00:00:48 . Memory (MB): peak = 1941.367 ; gain = 497.520 ; free physical = 593 ; free virtual = 4363
---------------------------------------------------------------------------------
---------------------------------------------------------------------------------
Start Renaming Generated Ports
---------------------------------------------------------------------------------
---------------------------------------------------------------------------------
Finished Renaming Generated Ports : Time (s): cpu = 00:00:32 ; elapsed = 00:00:48 . Memory (MB): peak = 1941.367 ; gain = 497.520 ; free physical = 593 ; free virtual = 4363
---------------------------------------------------------------------------------
---------------------------------------------------------------------------------
Start Handling Custom Attributes
---------------------------------------------------------------------------------
---------------------------------------------------------------------------------
Finished Handling Custom Attributes : Time (s): cpu = 00:00:32 ; elapsed = 00:00:48 . Memory (MB): peak = 1941.367 ; gain = 497.520 ; free physical = 593 ; free virtual = 4363
---------------------------------------------------------------------------------
---------------------------------------------------------------------------------
Start Renaming Generated Nets
---------------------------------------------------------------------------------
---------------------------------------------------------------------------------
Finished Renaming Generated Nets : Time (s): cpu = 00:00:32 ; elapsed = 00:00:48 . Memory (MB): peak = 1941.367 ; gain = 497.520 ; free physical = 593 ; free virtual = 4363
---------------------------------------------------------------------------------
---------------------------------------------------------------------------------
Start Writing Synthesis Report
---------------------------------------------------------------------------------

Report BlackBoxes: 
+-+--------------+----------+
| |BlackBox name |Instances |
+-+--------------+----------+
+-+--------------+----------+

Report Cell Usage: 
+-+-----+------+
| |Cell |Count |
+-+-----+------+
+-+-----+------+

Report Instance Areas: 
+------+---------+-------+------+
|      |Instance |Module |Cells |
+------+---------+-------+------+
|1     |top      |       |     0|
+------+---------+-------+------+
---------------------------------------------------------------------------------
Finished Writing Synthesis Report : Time (s): cpu = 00:00:32 ; elapsed = 00:00:48 . Memory (MB): peak = 1941.367 ; gain = 497.520 ; free physical = 593 ; free virtual = 4363
---------------------------------------------------------------------------------
Synthesis finished with 0 errors, 0 critical warnings and 13 warnings.
Synthesis Optimization Runtime : Time (s): cpu = 00:00:32 ; elapsed = 00:00:48 . Memory (MB): peak = 1941.367 ; gain = 497.520 ; free physical = 594 ; free virtual = 4365
Synthesis Optimization Complete : Time (s): cpu = 00:00:32 ; elapsed = 00:00:48 . Memory (MB): peak = 1941.375 ; gain = 497.520 ; free physical = 594 ; free virtual = 4365
INFO: [Project 1-571] Translating synthesized netlist
Netlist sorting complete. Time (s): cpu = 00:00:00.01 ; elapsed = 00:00:00 . Memory (MB): peak = 1941.375 ; gain = 0.000 ; free physical = 662 ; free virtual = 4433
INFO: [Project 1-570] Preparing netlist for logic optimization
INFO: [Opt 31-138] Pushed 0 inverter(s) to 0 load pin(s).
Netlist sorting complete. Time (s): cpu = 00:00:00 ; elapsed = 00:00:00 . Memory (MB): peak = 2031.930 ; gain = 0.000 ; free physical = 544 ; free virtual = 4314
INFO: [Project 1-111] Unisim Transformation Summary:
No Unisim elements were transformed.

INFO: [Common 17-83] Releasing license: Synthesis
20 Infos, 13 Warnings, 0 Critical Warnings and 0 Errors encountered.
synth_design completed successfully
synth_design: Time (s): cpu = 00:00:39 ; elapsed = 00:00:55 . Memory (MB): peak = 2031.930 ; gain = 596.086 ; free physical = 679 ; free virtual = 4450
Netlist sorting complete. Time (s): cpu = 00:00:00 ; elapsed = 00:00:00 . Memory (MB): peak = 2031.930 ; gain = 0.000 ; free physical = 679 ; free virtual = 4450
WARNING: [Constraints 18-5210] No constraints selected for write.
Resolution: This message can indicate that there are no constraints for the design, or it can indicate that the used_in flags are set such that the constraints are ignored. This later case is used when running synth_design to not write synthesis constraints to the resulting checkpoint. Instead, project constraints are read when the synthesized design is opened.
INFO: [Common 17-1381] The checkpoint '/home/jon/Desktop/capstone/copy1_poc/copy1_poc.runs/synth_1/copy1_wrapper.dcp' has been generated.
INFO: [runtcl-4] Executing : report_utilization -file copy1_wrapper_utilization_synth.rpt -pb copy1_wrapper_utilization_synth.pb
INFO: [Common 17-206] Exiting Vivado at Sat Feb 27 22:15:39 2021...
